<?xml version="1.0" encoding="UTF-8"?>
<!-- Generated by org.testng.reporters.JUnitXMLReporter -->
<testsuite ignored="0" hostname="INSPIRON7560" failures="1" tests="3" name="bikes" time="0.049" errors="0" timestamp="2020-10-29T20:07:37 IST">
  <testcase classname="com.cognizant.Zigwheels" name="newBikes" time="0.009">
    <failure type="java.lang.IllegalArgumentException" message="Driver must be set">
      <![CDATA[java.lang.IllegalArgumentException: Driver must be set
at org.openqa.selenium.internal.Require.nonNull(Require.java:51)
at org.openqa.selenium.interactions.Actions.<init>(Actions.java:65)
at com.cognizant.Zigwheels.newBikes(Zigwheels.java:231)
at java.base/java.util.ArrayList.forEach(ArrayList.java:1511)
at java.base/java.util.concurrent.FutureTask.run(FutureTask.java:264)
at java.base/java.util.concurrent.ThreadPoolExecutor.runWorker(ThreadPoolExecutor.java:1130)
at java.base/java.util.concurrent.ThreadPoolExecutor$Worker.run(ThreadPoolExecutor.java:630)
at java.base/java.lang.Thread.run(Thread.java:832)
... Removed 18 stack frames]]>
    </failure>
  </testcase> <!-- newBikes -->
  <testcase classname="com.cognizant.Zigwheels" name="hondaBikes" time="0.0">
    <skipped/>
  </testcase> <!-- hondaBikes -->
  <testcase classname="com.cognizant.Zigwheels" name="selectDetails" time="0.0">
    <skipped/>
  </testcase> <!-- selectDetails -->
</testsuite> <!-- bikes -->
